<?xml version="1.0" encoding="UTF-8"?>
<!-- Generated by org.testng.reporters.JUnitXMLReporter -->
<testsuite ignored="0" hostname="DESKTOP-OI33PH9" failures="3" tests="3" name="Test(failed)" time="31.734" errors="0" timestamp="2025-09-08T18:29:13 IST">
  <testcase classname="com.ninza.crm.campaigntest.CreateCampaignTest" name="createCampaignWithMandatoryFieldsTest" time="5.197">
    <failure type="java.lang.AssertionError" message="Campign is not created expected [true] but found [false]">
      <![CDATA[java.lang.AssertionError: Campign is not created expected [true] but found [false]
at com.ninza.crm.campaigntest.CreateCampaignTest.createCampaignWithMandatoryFieldsTest(CreateCampaignTest.java:113)
at java.base/java.util.ArrayList.forEach(ArrayList.java:1597)
... Removed 28 stack frames]]>
    </failure>
  </testcase> <!-- createCampaignWithMandatoryFieldsTest -->
  <testcase classname="com.ninza.crm.campaigntest.CreateCampaignTest" name="createCampaignWithExpectedDateTest" time="3.702">
    <failure type="java.lang.AssertionError" message="Campign is not created expected [CampaignIphone is succesfully added] but found [Campaign Iphone Successfully Added]">
      <![CDATA[java.lang.AssertionError: Campign is not created expected [CampaignIphone is succesfully added] but found [Campaign Iphone Successfully Added]
at com.ninza.crm.campaigntest.CreateCampaignTest.createCampaignWithExpectedDateTest(CreateCampaignTest.java:73)
at java.base/java.util.ArrayList.forEach(ArrayList.java:1597)
... Removed 30 stack frames]]>
    </failure>
  </testcase> <!-- createCampaignWithExpectedDateTest -->
  <testcase classname="com.ninza.crm.campaigntest.CreateCampaignTest" name="createCampaignWithStatusTest" time="2.225">
    <failure type="java.lang.AssertionError" message="Campign is not created expected [CampaignIphone is succesfully added] but found [Campaign Iphone Successfully Added]">
      <![CDATA[java.lang.AssertionError: Campign is not created expected [CampaignIphone is succesfully added] but found [Campaign Iphone Successfully Added]
at com.ninza.crm.campaigntest.CreateCampaignTest.createCampaignWithStatusTest(CreateCampaignTest.java:155)
at java.base/java.util.ArrayList.forEach(ArrayList.java:1597)
... Removed 30 stack frames]]>
    </failure>
  </testcase> <!-- createCampaignWithStatusTest -->
</testsuite> <!-- Test(failed) -->
